<?xml version="1.0" encoding="UTF-8"?>
<!-- Generated by org.testng.reporters.JUnitReportReporter -->
<testsuite hostname="GUNASEKAR-PC" failures="0" tests="1" name="runner.TestRunner" time="38.414" errors="0" timestamp="22 May 2018 06:47:53 GMT">
  <testcase classname="runner.TestRunner" name="feature" time="38.414"/>
</testsuite> <!-- runner.TestRunner -->
