<?xml version="1.0" encoding="UTF-8"?>
<!-- Generated by org.testng.reporters.JUnitReportReporter -->
<testsuite hostname="GUNASEKAR-PC" name="runner.TestRunner" tests="1" failures="0" timestamp="13 Jun 2018 09:41:53 GMT" time="35.947" errors="0">
  <testcase name="feature" time="35.947" classname="runner.TestRunner"/>
</testsuite> <!-- runner.TestRunner -->
