<?xml version="1.0" encoding="UTF-8"?>
<!-- Generated by org.testng.reporters.JUnitReportReporter -->
<testsuite hostname="GUNASEKAR-PC" failures="0" tests="1" name="runner.TestRunner" time="42.975" errors="0" timestamp="22 May 2018 09:31:10 GMT">
  <testcase classname="runner.TestRunner" name="feature" time="42.975"/>
</testsuite> <!-- runner.TestRunner -->
